2025-06-11 11:59:32,136 - INFO - Starting DICOM categorization in: c:/Users/Welcome/Documents/clarity
2025-06-11 11:59:32,136 - INFO - Searching for DICOM files...
2025-06-11 12:00:24,299 - INFO - Found 9629 DICOM files
2025-06-11 12:00:24,507 - INFO - Processed 100/9629 files...
2025-06-11 12:00:24,546 - INFO - Processed 200/9629 files...
2025-06-11 12:00:24,579 - INFO - Processed 300/9629 files...
2025-06-11 12:00:24,611 - INFO - Processed 400/9629 files...
2025-06-11 12:00:24,644 - INFO - Processed 500/9629 files...
2025-06-11 12:00:24,681 - INFO - Processed 600/9629 files...
2025-06-11 12:00:24,715 - INFO - Processed 700/9629 files...
2025-06-11 12:00:24,748 - INFO - Processed 800/9629 files...
2025-06-11 12:00:24,780 - INFO - Processed 900/9629 files...
2025-06-11 12:00:24,808 - INFO - Processed 1000/9629 files...
2025-06-11 12:00:24,847 - INFO - Processed 1100/9629 files...
2025-06-11 12:00:24,880 - INFO - Processed 1200/9629 files...
2025-06-11 12:00:24,909 - INFO - Processed 1300/9629 files...
2025-06-11 12:00:24,947 - INFO - Processed 1400/9629 files...
2025-06-11 12:00:24,979 - INFO - Processed 1500/9629 files...
2025-06-11 12:00:25,008 - INFO - Processed 1600/9629 files...
2025-06-11 12:00:25,047 - INFO - Processed 1700/9629 files...
2025-06-11 12:00:25,090 - INFO - Processed 1800/9629 files...
2025-06-11 12:00:25,536 - INFO - Processed 1900/9629 files...
2025-06-11 12:00:25,559 - INFO - Processed 2000/9629 files...
2025-06-11 12:00:25,596 - INFO - Processed 2100/9629 files...
2025-06-11 12:00:25,629 - INFO - Processed 2200/9629 files...
2025-06-11 12:00:25,664 - INFO - Processed 2300/9629 files...
2025-06-11 12:00:25,697 - INFO - Processed 2400/9629 files...
2025-06-11 12:00:25,727 - INFO - Processed 2500/9629 files...
2025-06-11 12:00:25,760 - INFO - Processed 2600/9629 files...
2025-06-11 12:00:25,808 - INFO - Processed 2700/9629 files...
2025-06-11 12:00:25,831 - INFO - Processed 2800/9629 files...
2025-06-11 12:00:25,865 - INFO - Processed 2900/9629 files...
2025-06-11 12:00:25,898 - INFO - Processed 3000/9629 files...
2025-06-11 12:00:25,926 - INFO - Processed 3100/9629 files...
2025-06-11 12:00:25,967 - INFO - Processed 3200/9629 files...
2025-06-11 12:00:26,007 - INFO - Processed 3300/9629 files...
2025-06-11 12:00:26,064 - INFO - Processed 3400/9629 files...
2025-06-11 12:00:26,098 - INFO - Processed 3500/9629 files...
2025-06-11 12:00:26,132 - INFO - Processed 3600/9629 files...
2025-06-11 12:00:26,165 - INFO - Processed 3700/9629 files...
2025-06-11 12:00:26,198 - INFO - Processed 3800/9629 files...
2025-06-11 12:00:26,232 - INFO - Processed 3900/9629 files...
2025-06-11 12:00:26,265 - INFO - Processed 4000/9629 files...
2025-06-11 12:00:26,298 - INFO - Processed 4100/9629 files...
2025-06-11 12:00:26,332 - INFO - Processed 4200/9629 files...
2025-06-11 12:00:26,365 - INFO - Processed 4300/9629 files...
2025-06-11 12:00:26,398 - INFO - Processed 4400/9629 files...
2025-06-11 12:00:26,426 - INFO - Processed 4500/9629 files...
2025-06-11 12:00:26,465 - INFO - Processed 4600/9629 files...
2025-06-11 12:00:26,493 - INFO - Processed 4700/9629 files...
2025-06-11 12:00:26,532 - INFO - Processed 4800/9629 files...
2025-06-11 12:00:26,565 - INFO - Processed 4900/9629 files...
2025-06-11 12:00:26,599 - INFO - Processed 5000/9629 files...
2025-06-11 12:00:26,631 - INFO - Processed 5100/9629 files...
2025-06-11 12:00:26,665 - INFO - Processed 5200/9629 files...
2025-06-11 12:00:26,706 - INFO - Processed 5300/9629 files...
2025-06-11 12:00:26,732 - INFO - Processed 5400/9629 files...
2025-06-11 12:00:26,765 - INFO - Processed 5500/9629 files...
2025-06-11 12:00:26,799 - INFO - Processed 5600/9629 files...
2025-06-11 12:00:26,832 - INFO - Processed 5700/9629 files...
2025-06-11 12:00:26,865 - INFO - Processed 5800/9629 files...
2025-06-11 12:00:26,899 - INFO - Processed 5900/9629 files...
2025-06-11 12:00:26,932 - INFO - Processed 6000/9629 files...
2025-06-11 12:00:26,965 - INFO - Processed 6100/9629 files...
2025-06-11 12:00:26,999 - INFO - Processed 6200/9629 files...
2025-06-11 12:00:27,032 - INFO - Processed 6300/9629 files...
2025-06-11 12:00:27,315 - INFO - Processed 6400/9629 files...
2025-06-11 12:00:27,364 - INFO - Processed 6500/9629 files...
2025-06-11 12:00:27,414 - INFO - Processed 6600/9629 files...
2025-06-11 12:00:27,450 - INFO - Processed 6700/9629 files...
2025-06-11 12:00:27,482 - INFO - Processed 6800/9629 files...
2025-06-11 12:00:27,516 - INFO - Processed 6900/9629 files...
2025-06-11 12:00:27,549 - INFO - Processed 7000/9629 files...
2025-06-11 12:00:27,583 - INFO - Processed 7100/9629 files...
2025-06-11 12:00:27,616 - INFO - Processed 7200/9629 files...
2025-06-11 12:00:27,650 - INFO - Processed 7300/9629 files...
2025-06-11 12:00:27,683 - INFO - Processed 7400/9629 files...
2025-06-11 12:00:27,722 - INFO - Processed 7500/9629 files...
2025-06-11 12:00:27,750 - INFO - Processed 7600/9629 files...
2025-06-11 12:00:27,783 - INFO - Processed 7700/9629 files...
2025-06-11 12:00:27,816 - INFO - Processed 7800/9629 files...
2025-06-11 12:00:27,860 - INFO - Processed 7900/9629 files...
2025-06-11 12:00:27,893 - INFO - Processed 8000/9629 files...
2025-06-11 12:00:27,916 - INFO - Processed 8100/9629 files...
2025-06-11 12:00:27,951 - INFO - Processed 8200/9629 files...
2025-06-11 12:00:27,983 - INFO - Processed 8300/9629 files...
2025-06-11 12:00:28,017 - INFO - Processed 8400/9629 files...
2025-06-11 12:00:28,050 - INFO - Processed 8500/9629 files...
2025-06-11 12:00:28,093 - INFO - Processed 8600/9629 files...
2025-06-11 12:00:28,127 - INFO - Processed 8700/9629 files...
2025-06-11 12:00:28,161 - INFO - Processed 8800/9629 files...
2025-06-11 12:00:28,193 - INFO - Processed 8900/9629 files...
2025-06-11 12:00:28,226 - INFO - Processed 9000/9629 files...
2025-06-11 12:00:28,261 - INFO - Processed 9100/9629 files...
2025-06-11 12:00:28,296 - INFO - Processed 9200/9629 files...
2025-06-11 12:00:28,334 - INFO - Processed 9300/9629 files...
2025-06-11 12:00:28,374 - INFO - Processed 9400/9629 files...
2025-06-11 12:00:28,408 - INFO - Processed 9500/9629 files...
2025-06-11 12:00:28,433 - INFO - Processed 9600/9629 files...
2025-06-11 12:00:28,450 - INFO - Completed processing 9629 files
2025-06-11 12:00:28,456 - INFO - Results written to: dicom_scan_categories.txt
2025-06-11 12:03:23,557 - INFO - Starting DICOM categorization in: c:/Users/Welcome/Documents/clarity
2025-06-11 12:03:23,557 - INFO - Searching for DICOM files...
2025-06-11 12:03:27,483 - INFO - Found 9629 DICOM files
2025-06-11 12:03:27,680 - INFO - Processed 100/9629 files...
2025-06-11 12:03:27,707 - INFO - Processed 200/9629 files...
2025-06-11 12:03:27,751 - INFO - Processed 300/9629 files...
2025-06-11 12:03:27,785 - INFO - Processed 400/9629 files...
2025-06-11 12:03:27,819 - INFO - Processed 500/9629 files...
2025-06-11 12:03:27,854 - INFO - Processed 600/9629 files...
2025-06-11 12:03:27,888 - INFO - Processed 700/9629 files...
2025-06-11 12:03:27,922 - INFO - Processed 800/9629 files...
2025-06-11 12:03:27,956 - INFO - Processed 900/9629 files...
2025-06-11 12:03:27,988 - INFO - Processed 1000/9629 files...
2025-06-11 12:03:28,023 - INFO - Processed 1100/9629 files...
2025-06-11 12:03:28,057 - INFO - Processed 1200/9629 files...
2025-06-11 12:03:28,090 - INFO - Processed 1300/9629 files...
2025-06-11 12:03:28,124 - INFO - Processed 1400/9629 files...
2025-06-11 12:03:28,157 - INFO - Processed 1500/9629 files...
2025-06-11 12:03:28,185 - INFO - Processed 1600/9629 files...
2025-06-11 12:03:28,218 - INFO - Processed 1700/9629 files...
2025-06-11 12:03:28,251 - INFO - Processed 1800/9629 files...
2025-06-11 12:03:28,665 - INFO - Processed 1900/9629 files...
2025-06-11 12:03:28,703 - INFO - Processed 2000/9629 files...
2025-06-11 12:03:28,741 - INFO - Processed 2100/9629 files...
2025-06-11 12:03:28,774 - INFO - Processed 2200/9629 files...
2025-06-11 12:03:28,808 - INFO - Processed 2300/9629 files...
2025-06-11 12:03:28,851 - INFO - Processed 2400/9629 files...
2025-06-11 12:03:28,885 - INFO - Processed 2500/9629 files...
2025-06-11 12:03:28,918 - INFO - Processed 2600/9629 files...
2025-06-11 12:03:28,953 - INFO - Processed 2700/9629 files...
2025-06-11 12:03:28,986 - INFO - Processed 2800/9629 files...
2025-06-11 12:03:29,019 - INFO - Processed 2900/9629 files...
2025-06-11 12:03:29,052 - INFO - Processed 3000/9629 files...
2025-06-11 12:03:29,086 - INFO - Processed 3100/9629 files...
2025-06-11 12:03:29,119 - INFO - Processed 3200/9629 files...
2025-06-11 12:03:29,152 - INFO - Processed 3300/9629 files...
2025-06-11 12:03:29,185 - INFO - Processed 3400/9629 files...
2025-06-11 12:03:29,219 - INFO - Processed 3500/9629 files...
2025-06-11 12:03:29,254 - INFO - Processed 3600/9629 files...
2025-06-11 12:03:29,288 - INFO - Processed 3700/9629 files...
2025-06-11 12:03:29,321 - INFO - Processed 3800/9629 files...
2025-06-11 12:03:29,355 - INFO - Processed 3900/9629 files...
2025-06-11 12:03:29,389 - INFO - Processed 4000/9629 files...
2025-06-11 12:03:29,423 - INFO - Processed 4100/9629 files...
2025-06-11 12:03:29,457 - INFO - Processed 4200/9629 files...
2025-06-11 12:03:29,491 - INFO - Processed 4300/9629 files...
2025-06-11 12:03:29,525 - INFO - Processed 4400/9629 files...
2025-06-11 12:03:29,558 - INFO - Processed 4500/9629 files...
2025-06-11 12:03:29,592 - INFO - Processed 4600/9629 files...
2025-06-11 12:03:29,626 - INFO - Processed 4700/9629 files...
2025-06-11 12:03:29,659 - INFO - Processed 4800/9629 files...
2025-06-11 12:03:29,692 - INFO - Processed 4900/9629 files...
2025-06-11 12:03:29,720 - INFO - Processed 5000/9629 files...
2025-06-11 12:03:29,770 - INFO - Processed 5100/9629 files...
2025-06-11 12:03:29,805 - INFO - Processed 5200/9629 files...
2025-06-11 12:03:29,839 - INFO - Processed 5300/9629 files...
2025-06-11 12:03:29,870 - INFO - Processed 5400/9629 files...
2025-06-11 12:03:29,907 - INFO - Processed 5500/9629 files...
2025-06-11 12:03:29,940 - INFO - Processed 5600/9629 files...
2025-06-11 12:03:29,975 - INFO - Processed 5700/9629 files...
2025-06-11 12:03:30,009 - INFO - Processed 5800/9629 files...
2025-06-11 12:03:30,044 - INFO - Processed 5900/9629 files...
2025-06-11 12:03:30,094 - INFO - Processed 6000/9629 files...
2025-06-11 12:03:30,126 - INFO - Processed 6100/9629 files...
2025-06-11 12:03:30,159 - INFO - Processed 6200/9629 files...
2025-06-11 12:03:30,187 - INFO - Processed 6300/9629 files...
2025-06-11 12:03:30,480 - INFO - Processed 6400/9629 files...
2025-06-11 12:03:30,525 - INFO - Processed 6500/9629 files...
2025-06-11 12:03:30,559 - INFO - Processed 6600/9629 files...
2025-06-11 12:03:30,593 - INFO - Processed 6700/9629 files...
2025-06-11 12:03:30,626 - INFO - Processed 6800/9629 files...
2025-06-11 12:03:30,660 - INFO - Processed 6900/9629 files...
2025-06-11 12:03:30,693 - INFO - Processed 7000/9629 files...
2025-06-11 12:03:30,726 - INFO - Processed 7100/9629 files...
2025-06-11 12:03:30,760 - INFO - Processed 7200/9629 files...
2025-06-11 12:03:30,788 - INFO - Processed 7300/9629 files...
2025-06-11 12:03:30,826 - INFO - Processed 7400/9629 files...
2025-06-11 12:03:30,854 - INFO - Processed 7500/9629 files...
2025-06-11 12:03:30,887 - INFO - Processed 7600/9629 files...
2025-06-11 12:03:30,921 - INFO - Processed 7700/9629 files...
2025-06-11 12:03:30,960 - INFO - Processed 7800/9629 files...
2025-06-11 12:03:30,993 - INFO - Processed 7900/9629 files...
2025-06-11 12:03:31,027 - INFO - Processed 8000/9629 files...
2025-06-11 12:03:31,060 - INFO - Processed 8100/9629 files...
2025-06-11 12:03:31,103 - INFO - Processed 8200/9629 files...
2025-06-11 12:03:31,121 - INFO - Processed 8300/9629 files...
2025-06-11 12:03:31,170 - INFO - Processed 8400/9629 files...
2025-06-11 12:03:31,204 - INFO - Processed 8500/9629 files...
2025-06-11 12:03:31,238 - INFO - Processed 8600/9629 files...
2025-06-11 12:03:31,272 - INFO - Processed 8700/9629 files...
2025-06-11 12:03:31,305 - INFO - Processed 8800/9629 files...
2025-06-11 12:03:31,338 - INFO - Processed 8900/9629 files...
2025-06-11 12:03:31,370 - INFO - Processed 9000/9629 files...
2025-06-11 12:03:31,405 - INFO - Processed 9100/9629 files...
2025-06-11 12:03:31,439 - INFO - Processed 9200/9629 files...
2025-06-11 12:03:31,472 - INFO - Processed 9300/9629 files...
2025-06-11 12:03:31,505 - INFO - Processed 9400/9629 files...
2025-06-11 12:03:31,539 - INFO - Processed 9500/9629 files...
2025-06-11 12:03:31,572 - INFO - Processed 9600/9629 files...
2025-06-11 12:03:31,577 - INFO - Completed processing 9629 files
2025-06-11 12:03:31,586 - INFO - Results written to: dicom_scan_categories.txt
2025-06-11 12:04:01,202 - INFO - Starting DICOM categorization in: c:/Users/Welcome/Documents/clarity
2025-06-11 12:04:01,202 - INFO - Searching for DICOM files...
2025-06-11 12:04:05,030 - INFO - Found 9629 DICOM files
2025-06-11 12:04:05,226 - INFO - Processed 100/9629 files...
2025-06-11 12:04:05,259 - INFO - Processed 200/9629 files...
2025-06-11 12:04:05,293 - INFO - Processed 300/9629 files...
2025-06-11 12:04:05,326 - INFO - Processed 400/9629 files...
2025-06-11 12:04:05,360 - INFO - Processed 500/9629 files...
2025-06-11 12:04:05,392 - INFO - Processed 600/9629 files...
2025-06-11 12:04:05,426 - INFO - Processed 700/9629 files...
2025-06-11 12:04:05,461 - INFO - Processed 800/9629 files...
2025-06-11 12:04:05,529 - INFO - Processed 900/9629 files...
2025-06-11 12:04:05,563 - INFO - Processed 1000/9629 files...
2025-06-11 12:04:05,596 - INFO - Processed 1100/9629 files...
2025-06-11 12:04:05,629 - INFO - Processed 1200/9629 files...
2025-06-11 12:04:05,662 - INFO - Processed 1300/9629 files...
2025-06-11 12:04:05,697 - INFO - Processed 1400/9629 files...
2025-06-11 12:04:05,729 - INFO - Processed 1500/9629 files...
2025-06-11 12:04:05,762 - INFO - Processed 1600/9629 files...
2025-06-11 12:04:05,796 - INFO - Processed 1700/9629 files...
2025-06-11 12:04:05,830 - INFO - Processed 1800/9629 files...
2025-06-11 12:04:06,224 - INFO - Processed 1900/9629 files...
2025-06-11 12:04:06,263 - INFO - Processed 2000/9629 files...
2025-06-11 12:04:06,305 - INFO - Processed 2100/9629 files...
2025-06-11 12:04:06,340 - INFO - Processed 2200/9629 files...
2025-06-11 12:04:06,375 - INFO - Processed 2300/9629 files...
2025-06-11 12:04:06,407 - INFO - Processed 2400/9629 files...
2025-06-11 12:04:06,441 - INFO - Processed 2500/9629 files...
2025-06-11 12:04:06,475 - INFO - Processed 2600/9629 files...
2025-06-11 12:04:06,508 - INFO - Processed 2700/9629 files...
2025-06-11 12:04:06,542 - INFO - Processed 2800/9629 files...
2025-06-11 12:04:06,576 - INFO - Processed 2900/9629 files...
2025-06-11 12:04:06,610 - INFO - Processed 3000/9629 files...
2025-06-11 12:04:06,643 - INFO - Processed 3100/9629 files...
2025-06-11 12:04:06,677 - INFO - Processed 3200/9629 files...
2025-06-11 12:04:06,709 - INFO - Processed 3300/9629 files...
2025-06-11 12:04:06,742 - INFO - Processed 3400/9629 files...
2025-06-11 12:04:06,776 - INFO - Processed 3500/9629 files...
2025-06-11 12:04:06,810 - INFO - Processed 3600/9629 files...
2025-06-11 12:04:06,844 - INFO - Processed 3700/9629 files...
2025-06-11 12:04:06,898 - INFO - Processed 3800/9629 files...
2025-06-11 12:04:06,931 - INFO - Processed 3900/9629 files...
2025-06-11 12:04:06,966 - INFO - Processed 4000/9629 files...
2025-06-11 12:04:07,001 - INFO - Processed 4100/9629 files...
2025-06-11 12:04:07,031 - INFO - Processed 4200/9629 files...
2025-06-11 12:04:07,067 - INFO - Processed 4300/9629 files...
2025-06-11 12:04:07,094 - INFO - Processed 4400/9629 files...
2025-06-11 12:04:07,135 - INFO - Processed 4500/9629 files...
2025-06-11 12:04:07,164 - INFO - Processed 4600/9629 files...
2025-06-11 12:04:07,202 - INFO - Processed 4700/9629 files...
2025-06-11 12:04:07,231 - INFO - Processed 4800/9629 files...
2025-06-11 12:04:07,269 - INFO - Processed 4900/9629 files...
2025-06-11 12:04:07,302 - INFO - Processed 5000/9629 files...
2025-06-11 12:04:07,337 - INFO - Processed 5100/9629 files...
2025-06-11 12:04:07,370 - INFO - Processed 5200/9629 files...
2025-06-11 12:04:07,397 - INFO - Processed 5300/9629 files...
2025-06-11 12:04:07,431 - INFO - Processed 5400/9629 files...
2025-06-11 12:04:07,463 - INFO - Processed 5500/9629 files...
2025-06-11 12:04:07,505 - INFO - Processed 5600/9629 files...
2025-06-11 12:04:07,531 - INFO - Processed 5700/9629 files...
2025-06-11 12:04:07,572 - INFO - Processed 5800/9629 files...
2025-06-11 12:04:07,592 - INFO - Processed 5900/9629 files...
2025-06-11 12:04:07,628 - INFO - Processed 6000/9629 files...
2025-06-11 12:04:07,673 - INFO - Processed 6100/9629 files...
2025-06-11 12:04:07,706 - INFO - Processed 6200/9629 files...
2025-06-11 12:04:07,739 - INFO - Processed 6300/9629 files...
2025-06-11 12:04:08,029 - INFO - Processed 6400/9629 files...
2025-06-11 12:04:08,051 - INFO - Processed 6500/9629 files...
2025-06-11 12:04:08,096 - INFO - Processed 6600/9629 files...
2025-06-11 12:04:08,128 - INFO - Processed 6700/9629 files...
2025-06-11 12:04:08,161 - INFO - Processed 6800/9629 files...
2025-06-11 12:04:08,195 - INFO - Processed 6900/9629 files...
2025-06-11 12:04:08,263 - INFO - Processed 7000/9629 files...
2025-06-11 12:04:08,295 - INFO - Processed 7100/9629 files...
2025-06-11 12:04:08,327 - INFO - Processed 7200/9629 files...
2025-06-11 12:04:08,360 - INFO - Processed 7300/9629 files...
2025-06-11 12:04:08,394 - INFO - Processed 7400/9629 files...
2025-06-11 12:04:08,426 - INFO - Processed 7500/9629 files...
2025-06-11 12:04:08,457 - INFO - Processed 7600/9629 files...
2025-06-11 12:04:08,482 - INFO - Processed 7700/9629 files...
2025-06-11 12:04:08,526 - INFO - Processed 7800/9629 files...
2025-06-11 12:04:08,558 - INFO - Processed 7900/9629 files...
2025-06-11 12:04:08,600 - INFO - Processed 8000/9629 files...
2025-06-11 12:04:08,630 - INFO - Processed 8100/9629 files...
2025-06-11 12:04:08,663 - INFO - Processed 8200/9629 files...
2025-06-11 12:04:08,698 - INFO - Processed 8300/9629 files...
2025-06-11 12:04:08,733 - INFO - Processed 8400/9629 files...
2025-06-11 12:04:08,766 - INFO - Processed 8500/9629 files...
2025-06-11 12:04:08,799 - INFO - Processed 8600/9629 files...
2025-06-11 12:04:08,831 - INFO - Processed 8700/9629 files...
2025-06-11 12:04:08,866 - INFO - Processed 8800/9629 files...
2025-06-11 12:04:08,899 - INFO - Processed 8900/9629 files...
2025-06-11 12:04:08,933 - INFO - Processed 9000/9629 files...
2025-06-11 12:04:08,966 - INFO - Processed 9100/9629 files...
2025-06-11 12:04:08,999 - INFO - Processed 9200/9629 files...
2025-06-11 12:04:09,031 - INFO - Processed 9300/9629 files...
2025-06-11 12:04:09,063 - INFO - Processed 9400/9629 files...
2025-06-11 12:04:09,097 - INFO - Processed 9500/9629 files...
2025-06-11 12:04:09,129 - INFO - Processed 9600/9629 files...
2025-06-11 12:04:09,139 - INFO - Completed processing 9629 files
2025-06-11 12:04:09,143 - INFO - Results written to: dicom_scan_categories.txt
2025-06-11 12:04:24,000 - INFO - Starting DICOM categorization in: c:/Users/Welcome/Documents/clarity
2025-06-11 12:04:24,000 - INFO - Searching for DICOM files...
2025-06-11 12:04:27,806 - INFO - Found 9629 DICOM files
2025-06-11 12:04:27,996 - INFO - Processed 100/9629 files...
2025-06-11 12:04:28,031 - INFO - Processed 200/9629 files...
2025-06-11 12:04:28,070 - INFO - Processed 300/9629 files...
2025-06-11 12:04:28,103 - INFO - Processed 400/9629 files...
2025-06-11 12:04:28,147 - INFO - Processed 500/9629 files...
2025-06-11 12:04:28,184 - INFO - Processed 600/9629 files...
2025-06-11 12:04:28,218 - INFO - Processed 700/9629 files...
2025-06-11 12:04:28,254 - INFO - Processed 800/9629 files...
2025-06-11 12:04:28,287 - INFO - Processed 900/9629 files...
2025-06-11 12:04:28,315 - INFO - Processed 1000/9629 files...
2025-06-11 12:04:28,354 - INFO - Processed 1100/9629 files...
2025-06-11 12:04:28,387 - INFO - Processed 1200/9629 files...
2025-06-11 12:04:28,430 - INFO - Processed 1300/9629 files...
2025-06-11 12:04:28,465 - INFO - Processed 1400/9629 files...
2025-06-11 12:04:28,500 - INFO - Processed 1500/9629 files...
2025-06-11 12:04:28,534 - INFO - Processed 1600/9629 files...
2025-06-11 12:04:28,571 - INFO - Processed 1700/9629 files...
2025-06-11 12:04:28,604 - INFO - Processed 1800/9629 files...
2025-06-11 12:04:29,013 - INFO - Processed 1900/9629 files...
2025-06-11 12:04:29,051 - INFO - Processed 2000/9629 files...
2025-06-11 12:04:29,085 - INFO - Processed 2100/9629 files...
2025-06-11 12:04:29,118 - INFO - Processed 2200/9629 files...
2025-06-11 12:04:29,151 - INFO - Processed 2300/9629 files...
2025-06-11 12:04:29,184 - INFO - Processed 2400/9629 files...
2025-06-11 12:04:29,216 - INFO - Processed 2500/9629 files...
2025-06-11 12:04:29,253 - INFO - Processed 2600/9629 files...
2025-06-11 12:04:29,286 - INFO - Processed 2700/9629 files...
2025-06-11 12:04:29,320 - INFO - Processed 2800/9629 files...
2025-06-11 12:04:29,354 - INFO - Processed 2900/9629 files...
2025-06-11 12:04:29,388 - INFO - Processed 3000/9629 files...
2025-06-11 12:04:29,421 - INFO - Processed 3100/9629 files...
2025-06-11 12:04:29,455 - INFO - Processed 3200/9629 files...
2025-06-11 12:04:29,488 - INFO - Processed 3300/9629 files...
2025-06-11 12:04:29,516 - INFO - Processed 3400/9629 files...
2025-06-11 12:04:29,554 - INFO - Processed 3500/9629 files...
2025-06-11 12:04:29,583 - INFO - Processed 3600/9629 files...
2025-06-11 12:04:29,622 - INFO - Processed 3700/9629 files...
2025-06-11 12:04:29,651 - INFO - Processed 3800/9629 files...
2025-06-11 12:04:29,696 - INFO - Processed 3900/9629 files...
2025-06-11 12:04:29,720 - INFO - Processed 4000/9629 files...
2025-06-11 12:04:29,765 - INFO - Processed 4100/9629 files...
2025-06-11 12:04:29,799 - INFO - Processed 4200/9629 files...
2025-06-11 12:04:29,833 - INFO - Processed 4300/9629 files...
2025-06-11 12:04:29,867 - INFO - Processed 4400/9629 files...
2025-06-11 12:04:29,900 - INFO - Processed 4500/9629 files...
2025-06-11 12:04:29,932 - INFO - Processed 4600/9629 files...
2025-06-11 12:04:29,967 - INFO - Processed 4700/9629 files...
2025-06-11 12:04:30,001 - INFO - Processed 4800/9629 files...
2025-06-11 12:04:30,071 - INFO - Processed 4900/9629 files...
2025-06-11 12:04:30,105 - INFO - Processed 5000/9629 files...
2025-06-11 12:04:30,139 - INFO - Processed 5100/9629 files...
2025-06-11 12:04:30,173 - INFO - Processed 5200/9629 files...
2025-06-11 12:04:30,206 - INFO - Processed 5300/9629 files...
2025-06-11 12:04:30,243 - INFO - Processed 5400/9629 files...
2025-06-11 12:04:30,271 - INFO - Processed 5500/9629 files...
2025-06-11 12:04:30,304 - INFO - Processed 5600/9629 files...
2025-06-11 12:04:30,339 - INFO - Processed 5700/9629 files...
2025-06-11 12:04:30,382 - INFO - Processed 5800/9629 files...
2025-06-11 12:04:30,417 - INFO - Processed 5900/9629 files...
2025-06-11 12:04:30,449 - INFO - Processed 6000/9629 files...
2025-06-11 12:04:30,484 - INFO - Processed 6100/9629 files...
2025-06-11 12:04:30,517 - INFO - Processed 6200/9629 files...
2025-06-11 12:04:30,550 - INFO - Processed 6300/9629 files...
2025-06-11 12:04:30,827 - INFO - Processed 6400/9629 files...
2025-06-11 12:04:30,867 - INFO - Processed 6500/9629 files...
2025-06-11 12:04:30,901 - INFO - Processed 6600/9629 files...
2025-06-11 12:04:30,940 - INFO - Processed 6700/9629 files...
2025-06-11 12:04:30,973 - INFO - Processed 6800/9629 files...
2025-06-11 12:04:31,006 - INFO - Processed 6900/9629 files...
2025-06-11 12:04:31,040 - INFO - Processed 7000/9629 files...
2025-06-11 12:04:31,073 - INFO - Processed 7100/9629 files...
2025-06-11 12:04:31,107 - INFO - Processed 7200/9629 files...
2025-06-11 12:04:31,140 - INFO - Processed 7300/9629 files...
2025-06-11 12:04:31,174 - INFO - Processed 7400/9629 files...
2025-06-11 12:04:31,207 - INFO - Processed 7500/9629 files...
2025-06-11 12:04:31,240 - INFO - Processed 7600/9629 files...
2025-06-11 12:04:31,274 - INFO - Processed 7700/9629 files...
2025-06-11 12:04:31,307 - INFO - Processed 7800/9629 files...
2025-06-11 12:04:31,340 - INFO - Processed 7900/9629 files...
2025-06-11 12:04:31,376 - INFO - Processed 8000/9629 files...
2025-06-11 12:04:31,438 - INFO - Processed 8100/9629 files...
2025-06-11 12:04:31,471 - INFO - Processed 8200/9629 files...
2025-06-11 12:04:31,505 - INFO - Processed 8300/9629 files...
2025-06-11 12:04:31,539 - INFO - Processed 8400/9629 files...
2025-06-11 12:04:31,573 - INFO - Processed 8500/9629 files...
2025-06-11 12:04:31,606 - INFO - Processed 8600/9629 files...
2025-06-11 12:04:31,641 - INFO - Processed 8700/9629 files...
2025-06-11 12:04:31,673 - INFO - Processed 8800/9629 files...
2025-06-11 12:04:31,707 - INFO - Processed 8900/9629 files...
2025-06-11 12:04:31,741 - INFO - Processed 9000/9629 files...
2025-06-11 12:04:31,774 - INFO - Processed 9100/9629 files...
2025-06-11 12:04:31,807 - INFO - Processed 9200/9629 files...
2025-06-11 12:04:31,841 - INFO - Processed 9300/9629 files...
2025-06-11 12:04:31,874 - INFO - Processed 9400/9629 files...
2025-06-11 12:04:31,907 - INFO - Processed 9500/9629 files...
2025-06-11 12:04:31,941 - INFO - Processed 9600/9629 files...
2025-06-11 12:04:31,952 - INFO - Completed processing 9629 files
2025-06-11 12:04:31,956 - INFO - Results written to: dicom_scan_categories.txt
2025-06-11 12:39:45,666 - INFO - Starting DICOM categorization in: c:/Users/Welcome/Documents/clarity
2025-06-11 12:39:45,666 - INFO - Searching for DICOM files...
2025-06-11 12:39:49,882 - INFO - Found 9629 DICOM files
2025-06-11 12:39:50,101 - INFO - Processed 100/9629 files...
2025-06-11 12:39:50,143 - INFO - Processed 200/9629 files...
2025-06-11 12:39:50,177 - INFO - Processed 300/9629 files...
2025-06-11 12:39:50,210 - INFO - Processed 400/9629 files...
2025-06-11 12:39:50,244 - INFO - Processed 500/9629 files...
2025-06-11 12:39:50,277 - INFO - Processed 600/9629 files...
2025-06-11 12:39:50,304 - INFO - Processed 700/9629 files...
2025-06-11 12:39:50,344 - INFO - Processed 800/9629 files...
2025-06-11 12:39:50,387 - INFO - Processed 900/9629 files...
2025-06-11 12:39:50,421 - INFO - Processed 1000/9629 files...
2025-06-11 12:39:50,455 - INFO - Processed 1100/9629 files...
2025-06-11 12:39:50,491 - INFO - Processed 1200/9629 files...
2025-06-11 12:39:50,523 - INFO - Processed 1300/9629 files...
2025-06-11 12:39:50,557 - INFO - Processed 1400/9629 files...
2025-06-11 12:39:50,589 - INFO - Processed 1500/9629 files...
2025-06-11 12:39:50,622 - INFO - Processed 1600/9629 files...
2025-06-11 12:39:50,654 - INFO - Processed 1700/9629 files...
2025-06-11 12:39:50,678 - INFO - Processed 1800/9629 files...
2025-06-11 12:39:51,180 - INFO - Processed 1900/9629 files...
2025-06-11 12:39:51,229 - INFO - Processed 2000/9629 files...
2025-06-11 12:39:51,262 - INFO - Processed 2100/9629 files...
2025-06-11 12:39:51,295 - INFO - Processed 2200/9629 files...
2025-06-11 12:39:51,338 - INFO - Processed 2300/9629 files...
2025-06-11 12:39:51,372 - INFO - Processed 2400/9629 files...
2025-06-11 12:39:51,406 - INFO - Processed 2500/9629 files...
2025-06-11 12:39:51,462 - INFO - Processed 2600/9629 files...
2025-06-11 12:39:51,495 - INFO - Processed 2700/9629 files...
2025-06-11 12:39:51,528 - INFO - Processed 2800/9629 files...
2025-06-11 12:39:51,556 - INFO - Processed 2900/9629 files...
2025-06-11 12:39:51,595 - INFO - Processed 3000/9629 files...
2025-06-11 12:39:51,628 - INFO - Processed 3100/9629 files...
2025-06-11 12:39:51,662 - INFO - Processed 3200/9629 files...
2025-06-11 12:39:51,694 - INFO - Processed 3300/9629 files...
2025-06-11 12:39:51,729 - INFO - Processed 3400/9629 files...
2025-06-11 12:39:51,761 - INFO - Processed 3500/9629 files...
2025-06-11 12:39:51,805 - INFO - Processed 3600/9629 files...
2025-06-11 12:39:51,838 - INFO - Processed 3700/9629 files...
2025-06-11 12:39:51,873 - INFO - Processed 3800/9629 files...
2025-06-11 12:39:51,912 - INFO - Processed 3900/9629 files...
2025-06-11 12:39:51,945 - INFO - Processed 4000/9629 files...
2025-06-11 12:39:51,978 - INFO - Processed 4100/9629 files...
2025-06-11 12:39:52,011 - INFO - Processed 4200/9629 files...
2025-06-11 12:39:52,044 - INFO - Processed 4300/9629 files...
2025-06-11 12:39:52,078 - INFO - Processed 4400/9629 files...
2025-06-11 12:39:52,111 - INFO - Processed 4500/9629 files...
2025-06-11 12:39:52,146 - INFO - Processed 4600/9629 files...
2025-06-11 12:39:52,179 - INFO - Processed 4700/9629 files...
2025-06-11 12:39:52,207 - INFO - Processed 4800/9629 files...
2025-06-11 12:39:52,246 - INFO - Processed 4900/9629 files...
2025-06-11 12:39:52,284 - INFO - Processed 5000/9629 files...
2025-06-11 12:39:52,312 - INFO - Processed 5100/9629 files...
2025-06-11 12:39:52,346 - INFO - Processed 5200/9629 files...
2025-06-11 12:39:52,378 - INFO - Processed 5300/9629 files...
2025-06-11 12:39:52,424 - INFO - Processed 5400/9629 files...
2025-06-11 12:39:52,457 - INFO - Processed 5500/9629 files...
2025-06-11 12:39:52,495 - INFO - Processed 5600/9629 files...
2025-06-11 12:39:52,530 - INFO - Processed 5700/9629 files...
2025-06-11 12:39:52,563 - INFO - Processed 5800/9629 files...
2025-06-11 12:39:52,602 - INFO - Processed 5900/9629 files...
2025-06-11 12:39:52,630 - INFO - Processed 6000/9629 files...
2025-06-11 12:39:52,663 - INFO - Processed 6100/9629 files...
2025-06-11 12:39:52,697 - INFO - Processed 6200/9629 files...
2025-06-11 12:39:52,724 - INFO - Processed 6300/9629 files...
2025-06-11 12:39:53,039 - INFO - Processed 6400/9629 files...
2025-06-11 12:39:53,068 - INFO - Processed 6500/9629 files...
2025-06-11 12:39:53,097 - INFO - Processed 6600/9629 files...
2025-06-11 12:39:53,130 - INFO - Processed 6700/9629 files...
2025-06-11 12:39:53,173 - INFO - Processed 6800/9629 files...
2025-06-11 12:39:53,208 - INFO - Processed 6900/9629 files...
2025-06-11 12:39:53,241 - INFO - Processed 7000/9629 files...
2025-06-11 12:39:53,281 - INFO - Processed 7100/9629 files...
2025-06-11 12:39:53,314 - INFO - Processed 7200/9629 files...
2025-06-11 12:39:53,348 - INFO - Processed 7300/9629 files...
2025-06-11 12:39:53,375 - INFO - Processed 7400/9629 files...
2025-06-11 12:39:53,411 - INFO - Processed 7500/9629 files...
2025-06-11 12:39:53,447 - INFO - Processed 7600/9629 files...
2025-06-11 12:39:53,479 - INFO - Processed 7700/9629 files...
2025-06-11 12:39:53,512 - INFO - Processed 7800/9629 files...
2025-06-11 12:39:53,544 - INFO - Processed 7900/9629 files...
2025-06-11 12:39:53,577 - INFO - Processed 8000/9629 files...
2025-06-11 12:39:53,612 - INFO - Processed 8100/9629 files...
2025-06-11 12:39:53,650 - INFO - Processed 8200/9629 files...
2025-06-11 12:39:53,680 - INFO - Processed 8300/9629 files...
2025-06-11 12:39:53,713 - INFO - Processed 8400/9629 files...
2025-06-11 12:39:53,746 - INFO - Processed 8500/9629 files...
2025-06-11 12:39:53,781 - INFO - Processed 8600/9629 files...
2025-06-11 12:39:53,809 - INFO - Processed 8700/9629 files...
2025-06-11 12:39:53,854 - INFO - Processed 8800/9629 files...
2025-06-11 12:39:53,883 - INFO - Processed 8900/9629 files...
2025-06-11 12:39:53,914 - INFO - Processed 9000/9629 files...
2025-06-11 12:39:53,955 - INFO - Processed 9100/9629 files...
2025-06-11 12:39:53,983 - INFO - Processed 9200/9629 files...
2025-06-11 12:39:54,016 - INFO - Processed 9300/9629 files...
2025-06-11 12:39:54,048 - INFO - Processed 9400/9629 files...
2025-06-11 12:39:54,081 - INFO - Processed 9500/9629 files...
2025-06-11 12:39:54,123 - INFO - Processed 9600/9629 files...
2025-06-11 12:39:54,136 - INFO - Completed processing 9629 files
2025-06-11 12:39:54,166 - INFO - Results written to: dicom_scan_categories.txt
2025-06-11 12:50:34,401 - INFO - Starting DICOM categorization in: c:/Users/Welcome/Documents/clarity
2025-06-11 12:50:34,401 - INFO - Searching for DICOM files...
2025-06-11 12:50:38,167 - INFO - Found 9629 DICOM files
2025-06-11 12:50:38,372 - INFO - Processed 100/9629 files...
2025-06-11 12:50:38,406 - INFO - Processed 200/9629 files...
2025-06-11 12:50:38,442 - INFO - Processed 300/9629 files...
2025-06-11 12:50:38,479 - INFO - Processed 400/9629 files...
2025-06-11 12:50:38,517 - INFO - Processed 500/9629 files...
2025-06-11 12:50:38,563 - INFO - Processed 600/9629 files...
2025-06-11 12:50:38,590 - INFO - Processed 700/9629 files...
2025-06-11 12:50:38,628 - INFO - Processed 800/9629 files...
2025-06-11 12:50:38,662 - INFO - Processed 900/9629 files...
2025-06-11 12:50:38,695 - INFO - Processed 1000/9629 files...
2025-06-11 12:50:38,728 - INFO - Processed 1100/9629 files...
2025-06-11 12:50:38,762 - INFO - Processed 1200/9629 files...
2025-06-11 12:50:38,789 - INFO - Processed 1300/9629 files...
2025-06-11 12:50:38,828 - INFO - Processed 1400/9629 files...
2025-06-11 12:50:38,862 - INFO - Processed 1500/9629 files...
2025-06-11 12:50:38,901 - INFO - Processed 1600/9629 files...
2025-06-11 12:50:38,928 - INFO - Processed 1700/9629 files...
2025-06-11 12:50:38,962 - INFO - Processed 1800/9629 files...
2025-06-11 12:50:39,358 - INFO - Processed 1900/9629 files...
2025-06-11 12:50:39,396 - INFO - Processed 2000/9629 files...
2025-06-11 12:50:39,428 - INFO - Processed 2100/9629 files...
2025-06-11 12:50:39,461 - INFO - Processed 2200/9629 files...
2025-06-11 12:50:39,495 - INFO - Processed 2300/9629 files...
2025-06-11 12:50:39,528 - INFO - Processed 2400/9629 files...
2025-06-11 12:50:39,564 - INFO - Processed 2500/9629 files...
2025-06-11 12:50:39,596 - INFO - Processed 2600/9629 files...
2025-06-11 12:50:39,629 - INFO - Processed 2700/9629 files...
2025-06-11 12:50:39,657 - INFO - Processed 2800/9629 files...
2025-06-11 12:50:39,695 - INFO - Processed 2900/9629 files...
2025-06-11 12:50:39,724 - INFO - Processed 3000/9629 files...
2025-06-11 12:50:39,762 - INFO - Processed 3100/9629 files...
2025-06-11 12:50:39,790 - INFO - Processed 3200/9629 files...
2025-06-11 12:50:39,829 - INFO - Processed 3300/9629 files...
2025-06-11 12:50:39,866 - INFO - Processed 3400/9629 files...
2025-06-11 12:50:39,928 - INFO - Processed 3500/9629 files...
2025-06-11 12:50:39,960 - INFO - Processed 3600/9629 files...
2025-06-11 12:50:39,991 - INFO - Processed 3700/9629 files...
2025-06-11 12:50:40,024 - INFO - Processed 3800/9629 files...
2025-06-11 12:50:40,059 - INFO - Processed 3900/9629 files...
2025-06-11 12:50:40,093 - INFO - Processed 4000/9629 files...
2025-06-11 12:50:40,126 - INFO - Processed 4100/9629 files...
2025-06-11 12:50:40,158 - INFO - Processed 4200/9629 files...
2025-06-11 12:50:40,190 - INFO - Processed 4300/9629 files...
2025-06-11 12:50:40,213 - INFO - Processed 4400/9629 files...
2025-06-11 12:50:40,256 - INFO - Processed 4500/9629 files...
2025-06-11 12:50:40,279 - INFO - Processed 4600/9629 files...
2025-06-11 12:50:40,313 - INFO - Processed 4700/9629 files...
2025-06-11 12:50:40,346 - INFO - Processed 4800/9629 files...
2025-06-11 12:50:40,380 - INFO - Processed 4900/9629 files...
2025-06-11 12:50:40,412 - INFO - Processed 5000/9629 files...
2025-06-11 12:50:40,447 - INFO - Processed 5100/9629 files...
2025-06-11 12:50:40,480 - INFO - Processed 5200/9629 files...
2025-06-11 12:50:40,514 - INFO - Processed 5300/9629 files...
2025-06-11 12:50:40,541 - INFO - Processed 5400/9629 files...
2025-06-11 12:50:40,582 - INFO - Processed 5500/9629 files...
2025-06-11 12:50:40,619 - INFO - Processed 5600/9629 files...
2025-06-11 12:50:40,646 - INFO - Processed 5700/9629 files...
2025-06-11 12:50:40,685 - INFO - Processed 5800/9629 files...
2025-06-11 12:50:40,713 - INFO - Processed 5900/9629 files...
2025-06-11 12:50:40,751 - INFO - Processed 6000/9629 files...
2025-06-11 12:50:40,780 - INFO - Processed 6100/9629 files...
2025-06-11 12:50:40,815 - INFO - Processed 6200/9629 files...
2025-06-11 12:50:40,843 - INFO - Processed 6300/9629 files...
2025-06-11 12:50:41,144 - INFO - Processed 6400/9629 files...
2025-06-11 12:50:41,180 - INFO - Processed 6500/9629 files...
2025-06-11 12:50:41,212 - INFO - Processed 6600/9629 files...
2025-06-11 12:50:41,244 - INFO - Processed 6700/9629 files...
2025-06-11 12:50:41,295 - INFO - Processed 6800/9629 files...
2025-06-11 12:50:41,330 - INFO - Processed 6900/9629 files...
2025-06-11 12:50:41,362 - INFO - Processed 7000/9629 files...
2025-06-11 12:50:41,395 - INFO - Processed 7100/9629 files...
2025-06-11 12:50:41,426 - INFO - Processed 7200/9629 files...
2025-06-11 12:50:41,463 - INFO - Processed 7300/9629 files...
2025-06-11 12:50:41,496 - INFO - Processed 7400/9629 files...
2025-06-11 12:50:41,530 - INFO - Processed 7500/9629 files...
2025-06-11 12:50:41,559 - INFO - Processed 7600/9629 files...
2025-06-11 12:50:41,596 - INFO - Processed 7700/9629 files...
2025-06-11 12:50:41,631 - INFO - Processed 7800/9629 files...
2025-06-11 12:50:41,665 - INFO - Processed 7900/9629 files...
2025-06-11 12:50:41,695 - INFO - Processed 8000/9629 files...
2025-06-11 12:50:41,729 - INFO - Processed 8100/9629 files...
2025-06-11 12:50:41,764 - INFO - Processed 8200/9629 files...
2025-06-11 12:50:41,800 - INFO - Processed 8300/9629 files...
2025-06-11 12:50:41,834 - INFO - Processed 8400/9629 files...
2025-06-11 12:50:41,868 - INFO - Processed 8500/9629 files...
2025-06-11 12:50:41,893 - INFO - Processed 8600/9629 files...
2025-06-11 12:50:41,934 - INFO - Processed 8700/9629 files...
2025-06-11 12:50:41,959 - INFO - Processed 8800/9629 files...
2025-06-11 12:50:41,998 - INFO - Processed 8900/9629 files...
2025-06-11 12:50:42,026 - INFO - Processed 9000/9629 files...
2025-06-11 12:50:42,063 - INFO - Processed 9100/9629 files...
2025-06-11 12:50:42,098 - INFO - Processed 9200/9629 files...
2025-06-11 12:50:42,132 - INFO - Processed 9300/9629 files...
2025-06-11 12:50:42,164 - INFO - Processed 9400/9629 files...
2025-06-11 12:50:42,193 - INFO - Processed 9500/9629 files...
2025-06-11 12:50:42,231 - INFO - Processed 9600/9629 files...
2025-06-11 12:50:42,231 - INFO - Completed processing 9629 files
2025-06-11 12:50:42,245 - INFO - Results written to: dicom_scan_categories.txt
2025-06-12 15:19:51,942 - INFO - Created destination folder: c:/Users/Welcome/Documents/organized_dicom
2025-06-12 15:19:51,942 - INFO - Starting DICOM organization from: c:/Users/Welcome/Documents/clarity
2025-06-12 15:19:51,942 - INFO - Destination folder: c:/Users/Welcome/Documents/organized_dicom
2025-06-12 15:19:51,942 - INFO - Searching for DICOM files...
2025-06-12 15:20:47,062 - INFO - Found 9629 DICOM files
2025-06-12 15:20:47,894 - INFO - Processed 100/9629 files...
2025-06-12 15:20:49,046 - INFO - Processed 200/9629 files...
2025-06-12 15:20:49,572 - INFO - Processed 300/9629 files...
2025-06-12 15:20:50,655 - INFO - Processed 400/9629 files...
2025-06-12 15:20:51,368 - INFO - Processed 500/9629 files...
2025-06-12 15:20:52,524 - INFO - Processed 600/9629 files...
2025-06-12 15:20:53,217 - INFO - Processed 700/9629 files...
2025-06-12 15:20:54,592 - INFO - Processed 800/9629 files...
2025-06-12 15:20:55,381 - INFO - Processed 900/9629 files...
2025-06-12 15:20:56,992 - INFO - Processed 1000/9629 files...
2025-06-12 15:20:58,180 - INFO - Processed 1100/9629 files...
2025-06-12 15:20:58,839 - INFO - Processed 1200/9629 files...
2025-06-12 15:20:59,487 - INFO - Processed 1300/9629 files...
2025-06-12 15:21:00,248 - INFO - Processed 1400/9629 files...
2025-06-12 15:21:00,958 - INFO - Processed 1500/9629 files...
2025-06-12 15:21:01,592 - INFO - Processed 1600/9629 files...
2025-06-12 15:21:02,392 - INFO - Processed 1700/9629 files...
2025-06-12 15:21:03,053 - INFO - Processed 1800/9629 files...
2025-06-12 15:21:04,823 - INFO - Processed 1900/9629 files...
2025-06-12 15:21:05,469 - INFO - Processed 2000/9629 files...
2025-06-12 15:21:06,181 - INFO - Processed 2100/9629 files...
2025-06-12 15:21:07,598 - INFO - Processed 2200/9629 files...
2025-06-12 15:21:08,416 - INFO - Processed 2300/9629 files...
2025-06-12 15:21:09,416 - INFO - Processed 2400/9629 files...
2025-06-12 15:21:10,504 - INFO - Processed 2500/9629 files...
2025-06-12 15:21:11,198 - INFO - Processed 2600/9629 files...
2025-06-12 15:21:12,012 - INFO - Processed 2700/9629 files...
2025-06-12 15:21:13,029 - INFO - Processed 2800/9629 files...
2025-06-12 15:21:14,284 - INFO - Processed 2900/9629 files...
2025-06-12 15:21:15,127 - INFO - Processed 3000/9629 files...
2025-06-12 15:21:15,955 - INFO - Processed 3100/9629 files...
2025-06-12 15:21:17,628 - INFO - Processed 3200/9629 files...
2025-06-12 15:21:18,348 - INFO - Processed 3300/9629 files...
2025-06-12 15:21:19,584 - INFO - Processed 3400/9629 files...
2025-06-12 15:21:20,335 - INFO - Processed 3500/9629 files...
2025-06-12 15:21:21,122 - INFO - Processed 3600/9629 files...
2025-06-12 15:21:21,818 - INFO - Processed 3700/9629 files...
2025-06-12 15:21:23,107 - INFO - Processed 3800/9629 files...
2025-06-12 15:21:23,722 - INFO - Processed 3900/9629 files...
2025-06-12 15:21:24,413 - INFO - Processed 4000/9629 files...
2025-06-12 15:21:25,365 - INFO - Processed 4100/9629 files...
2025-06-12 15:21:26,353 - INFO - Processed 4200/9629 files...
2025-06-12 15:21:27,627 - INFO - Processed 4300/9629 files...
2025-06-12 15:21:28,594 - INFO - Processed 4400/9629 files...
2025-06-12 15:21:29,412 - INFO - Processed 4500/9629 files...
2025-06-12 15:21:30,480 - INFO - Processed 4600/9629 files...
2025-06-12 15:21:31,233 - INFO - Processed 4700/9629 files...
2025-06-12 15:21:32,311 - INFO - Processed 4800/9629 files...
2025-06-12 15:21:33,566 - INFO - Processed 4900/9629 files...
2025-06-12 15:21:34,251 - INFO - Processed 5000/9629 files...
2025-06-12 15:21:35,035 - INFO - Processed 5100/9629 files...
2025-06-12 15:21:36,136 - INFO - Processed 5200/9629 files...
2025-06-12 15:21:37,287 - INFO - Processed 5300/9629 files...
2025-06-12 15:21:37,989 - INFO - Processed 5400/9629 files...
2025-06-12 15:21:38,722 - INFO - Processed 5500/9629 files...
2025-06-12 15:21:39,723 - INFO - Processed 5600/9629 files...
2025-06-12 15:21:40,457 - INFO - Processed 5700/9629 files...
2025-06-12 15:21:41,591 - INFO - Processed 5800/9629 files...
2025-06-12 15:21:43,181 - INFO - Processed 5900/9629 files...
2025-06-12 15:21:43,861 - INFO - Processed 6000/9629 files...
2025-06-12 15:21:44,778 - INFO - Processed 6100/9629 files...
2025-06-12 15:21:45,562 - INFO - Processed 6200/9629 files...
2025-06-12 15:21:46,430 - INFO - Processed 6300/9629 files...
2025-06-12 15:21:47,515 - INFO - Processed 6400/9629 files...
2025-06-12 15:21:48,833 - INFO - Processed 6500/9629 files...
2025-06-12 15:21:50,151 - INFO - Processed 6600/9629 files...
2025-06-12 15:21:50,850 - INFO - Processed 6700/9629 files...
2025-06-12 15:21:51,453 - INFO - Processed 6800/9629 files...
2025-06-12 15:21:52,086 - INFO - Processed 6900/9629 files...
2025-06-12 15:21:52,804 - INFO - Processed 7000/9629 files...
2025-06-12 15:21:53,421 - INFO - Processed 7100/9629 files...
2025-06-12 15:21:54,022 - INFO - Processed 7200/9629 files...
2025-06-12 15:21:54,639 - INFO - Processed 7300/9629 files...
2025-06-12 15:21:55,240 - INFO - Processed 7400/9629 files...
2025-06-12 15:21:55,858 - INFO - Processed 7500/9629 files...
2025-06-12 15:21:56,507 - INFO - Processed 7600/9629 files...
2025-06-12 15:21:57,292 - INFO - Processed 7700/9629 files...
2025-06-12 15:21:57,959 - INFO - Processed 7800/9629 files...
2025-06-12 15:21:58,560 - INFO - Processed 7900/9629 files...
2025-06-12 15:21:59,243 - INFO - Processed 8000/9629 files...
2025-06-12 15:21:59,994 - INFO - Processed 8100/9629 files...
2025-06-12 15:22:00,695 - INFO - Processed 8200/9629 files...
2025-06-12 15:22:01,204 - INFO - Processed 8300/9629 files...
2025-06-12 15:22:01,763 - INFO - Processed 8400/9629 files...
2025-06-12 15:22:02,255 - INFO - Processed 8500/9629 files...
2025-06-12 15:22:02,779 - INFO - Processed 8600/9629 files...
2025-06-12 15:22:03,482 - INFO - Processed 8700/9629 files...
2025-06-12 15:22:04,449 - INFO - Processed 8800/9629 files...
2025-06-12 15:22:05,033 - INFO - Processed 8900/9629 files...
2025-06-12 15:22:05,600 - INFO - Processed 9000/9629 files...
2025-06-12 15:22:06,268 - INFO - Processed 9100/9629 files...
2025-06-12 15:22:06,790 - INFO - Processed 9200/9629 files...
2025-06-12 15:22:07,364 - INFO - Processed 9300/9629 files...
2025-06-12 15:22:07,926 - INFO - Processed 9400/9629 files...
2025-06-12 15:22:08,440 - INFO - Processed 9500/9629 files...
2025-06-12 15:22:09,055 - INFO - Processed 9600/9629 files...
2025-06-12 15:22:09,221 - INFO - Completed processing 9629 files
2025-06-12 15:22:09,222 - INFO - Organization report written to: dicom_organization_report.txt
2025-06-12 15:28:28,588 - INFO - Created destination folder: c:/Users/Welcome/Documents/organized_dicom
2025-06-12 15:28:28,588 - INFO - Starting DICOM organization from: c:/Users/Welcome/Documents/clarity
2025-06-12 15:28:28,588 - INFO - Destination folder: c:/Users/Welcome/Documents/organized_dicom
2025-06-12 15:28:28,588 - INFO - Searching for DICOM files...
2025-06-12 15:28:46,508 - INFO - Found 9629 DICOM files
2025-06-12 15:28:47,574 - INFO - Processed 100/9629 files...
2025-06-12 15:28:49,048 - INFO - Processed 200/9629 files...
2025-06-12 15:28:49,762 - INFO - Processed 300/9629 files...
2025-06-12 15:28:51,502 - INFO - Processed 400/9629 files...
2025-06-12 15:28:53,426 - INFO - Processed 500/9629 files...
2025-06-12 15:28:55,680 - INFO - Processed 600/9629 files...
2025-06-12 15:28:56,471 - INFO - Processed 700/9629 files...
2025-06-12 15:28:58,162 - INFO - Processed 800/9629 files...
2025-06-12 15:28:59,668 - INFO - Processed 900/9629 files...
2025-06-12 15:29:00,482 - INFO - Processed 1000/9629 files...
2025-06-12 15:29:01,062 - INFO - Processed 1100/9629 files...
2025-06-12 15:29:01,707 - INFO - Processed 1200/9629 files...
2025-06-12 15:29:02,303 - INFO - Processed 1300/9629 files...
2025-06-12 15:29:02,915 - INFO - Processed 1400/9629 files...
2025-06-12 15:29:03,494 - INFO - Processed 1500/9629 files...
2025-06-12 15:29:04,105 - INFO - Processed 1600/9629 files...
2025-06-12 15:29:04,704 - INFO - Processed 1700/9629 files...
2025-06-12 15:29:05,278 - INFO - Processed 1800/9629 files...
2025-06-12 15:29:06,230 - INFO - Processed 1900/9629 files...
2025-06-12 15:29:06,857 - INFO - Processed 2000/9629 files...
2025-06-12 15:29:07,530 - INFO - Processed 2100/9629 files...
2025-06-12 15:29:08,110 - INFO - Processed 2200/9629 files...
2025-06-12 15:29:08,707 - INFO - Processed 2300/9629 files...
2025-06-12 15:29:09,296 - INFO - Processed 2400/9629 files...
2025-06-12 15:29:09,978 - INFO - Processed 2500/9629 files...
2025-06-12 15:29:10,481 - INFO - Processed 2600/9629 files...
2025-06-12 15:29:10,984 - INFO - Processed 2700/9629 files...
2025-06-12 15:29:11,485 - INFO - Processed 2800/9629 files...
2025-06-12 15:29:11,970 - INFO - Processed 2900/9629 files...
2025-06-12 15:29:12,487 - INFO - Processed 3000/9629 files...
2025-06-12 15:29:13,067 - INFO - Processed 3100/9629 files...
2025-06-12 15:29:13,832 - INFO - Processed 3200/9629 files...
2025-06-12 15:29:14,346 - INFO - Processed 3300/9629 files...
2025-06-12 15:29:14,865 - INFO - Processed 3400/9629 files...
2025-06-12 15:29:15,366 - INFO - Processed 3500/9629 files...
2025-06-12 15:29:15,851 - INFO - Processed 3600/9629 files...
2025-06-12 15:29:16,336 - INFO - Processed 3700/9629 files...
2025-06-12 15:29:16,837 - INFO - Processed 3800/9629 files...
2025-06-12 15:29:17,324 - INFO - Processed 3900/9629 files...
2025-06-12 15:29:17,807 - INFO - Processed 4000/9629 files...
2025-06-12 15:29:18,307 - INFO - Processed 4100/9629 files...
2025-06-12 15:29:18,987 - INFO - Processed 4200/9629 files...
2025-06-12 15:29:19,459 - INFO - Processed 4300/9629 files...
2025-06-12 15:29:20,056 - INFO - Processed 4400/9629 files...
2025-06-12 15:29:20,604 - INFO - Processed 4500/9629 files...
2025-06-12 15:29:21,107 - INFO - Processed 4600/9629 files...
2025-06-12 15:29:21,593 - INFO - Processed 4700/9629 files...
2025-06-12 15:29:22,083 - INFO - Processed 4800/9629 files...
2025-06-12 15:29:22,560 - INFO - Processed 4900/9629 files...
2025-06-12 15:29:23,060 - INFO - Processed 5000/9629 files...
2025-06-12 15:29:23,545 - INFO - Processed 5100/9629 files...
2025-06-12 15:29:24,142 - INFO - Processed 5200/9629 files...
2025-06-12 15:29:24,640 - INFO - Processed 5300/9629 files...
2025-06-12 15:29:25,125 - INFO - Processed 5400/9629 files...
2025-06-12 15:29:25,627 - INFO - Processed 5500/9629 files...
2025-06-12 15:29:26,168 - INFO - Processed 5600/9629 files...
2025-06-12 15:29:26,647 - INFO - Processed 5700/9629 files...
2025-06-12 15:29:27,168 - INFO - Processed 5800/9629 files...
2025-06-12 15:29:27,666 - INFO - Processed 5900/9629 files...
2025-06-12 15:29:28,153 - INFO - Processed 6000/9629 files...
2025-06-12 15:29:28,655 - INFO - Processed 6100/9629 files...
2025-06-12 15:29:29,169 - INFO - Processed 6200/9629 files...
2025-06-12 15:29:29,745 - INFO - Processed 6300/9629 files...
2025-06-12 15:29:30,602 - INFO - Processed 6400/9629 files...
2025-06-12 15:29:31,101 - INFO - Processed 6500/9629 files...
2025-06-12 15:29:31,585 - INFO - Processed 6600/9629 files...
2025-06-12 15:29:32,085 - INFO - Processed 6700/9629 files...
2025-06-12 15:29:32,586 - INFO - Processed 6800/9629 files...
2025-06-12 15:29:33,087 - INFO - Processed 6900/9629 files...
2025-06-12 15:29:33,571 - INFO - Processed 7000/9629 files...
2025-06-12 15:29:34,072 - INFO - Processed 7100/9629 files...
2025-06-12 15:29:34,572 - INFO - Processed 7200/9629 files...
2025-06-12 15:29:35,091 - INFO - Processed 7300/9629 files...
2025-06-12 15:29:35,760 - INFO - Processed 7400/9629 files...
2025-06-12 15:29:36,255 - INFO - Processed 7500/9629 files...
2025-06-12 15:29:36,768 - INFO - Processed 7600/9629 files...
2025-06-12 15:29:37,372 - INFO - Processed 7700/9629 files...
2025-06-12 15:29:37,857 - INFO - Processed 7800/9629 files...
2025-06-12 15:29:38,357 - INFO - Processed 7900/9629 files...
2025-06-12 15:29:38,904 - INFO - Processed 8000/9629 files...
2025-06-12 15:29:39,421 - INFO - Processed 8100/9629 files...
2025-06-12 15:29:40,250 - INFO - Processed 8200/9629 files...
2025-06-12 15:29:40,907 - INFO - Processed 8300/9629 files...
2025-06-12 15:29:41,469 - INFO - Processed 8400/9629 files...
2025-06-12 15:29:41,955 - INFO - Processed 8500/9629 files...
2025-06-12 15:29:42,440 - INFO - Processed 8600/9629 files...
2025-06-12 15:29:42,939 - INFO - Processed 8700/9629 files...
2025-06-12 15:29:43,551 - INFO - Processed 8800/9629 files...
2025-06-12 15:29:44,055 - INFO - Processed 8900/9629 files...
2025-06-12 15:29:44,556 - INFO - Processed 9000/9629 files...
2025-06-12 15:29:45,073 - INFO - Processed 9100/9629 files...
2025-06-12 15:29:45,576 - INFO - Processed 9200/9629 files...
2025-06-12 15:29:46,063 - INFO - Processed 9300/9629 files...
2025-06-12 15:29:46,706 - INFO - Processed 9400/9629 files...
2025-06-12 15:29:47,209 - INFO - Processed 9500/9629 files...
2025-06-12 15:29:47,711 - INFO - Processed 9600/9629 files...
2025-06-12 15:29:47,854 - INFO - Completed processing 9629 files
2025-06-12 15:29:47,854 - INFO - Organization report written to: dicom_organization_report.txt
2025-06-12 15:37:29,479 - INFO - Starting DICOM categorization in: c:/Users/Welcome/Documents/clarity
2025-06-12 15:37:29,479 - INFO - Searching for DICOM files...
2025-06-12 15:37:48,839 - INFO - Found 9629 DICOM files
2025-06-12 15:37:49,026 - INFO - Processed 100/9629 files...
2025-06-12 15:37:49,051 - INFO - Processed 200/9629 files...
2025-06-12 15:37:49,087 - INFO - Processed 300/9629 files...
2025-06-12 15:37:49,119 - INFO - Processed 400/9629 files...
2025-06-12 15:37:49,152 - INFO - Processed 500/9629 files...
2025-06-12 15:37:49,186 - INFO - Processed 600/9629 files...
2025-06-12 15:37:49,219 - INFO - Processed 700/9629 files...
2025-06-12 15:37:49,253 - INFO - Processed 800/9629 files...
2025-06-12 15:37:49,286 - INFO - Processed 900/9629 files...
2025-06-12 15:37:49,319 - INFO - Processed 1000/9629 files...
2025-06-12 15:37:49,353 - INFO - Processed 1100/9629 files...
2025-06-12 15:37:49,387 - INFO - Processed 1200/9629 files...
2025-06-12 15:37:49,419 - INFO - Processed 1300/9629 files...
2025-06-12 15:37:49,453 - INFO - Processed 1400/9629 files...
2025-06-12 15:37:49,486 - INFO - Processed 1500/9629 files...
2025-06-12 15:37:49,520 - INFO - Processed 1600/9629 files...
2025-06-12 15:37:49,553 - INFO - Processed 1700/9629 files...
2025-06-12 15:37:49,598 - INFO - Processed 1800/9629 files...
2025-06-12 15:37:50,006 - INFO - Processed 1900/9629 files...
2025-06-12 15:37:50,054 - INFO - Processed 2000/9629 files...
2025-06-12 15:37:50,087 - INFO - Processed 2100/9629 files...
2025-06-12 15:37:50,120 - INFO - Processed 2200/9629 files...
2025-06-12 15:37:50,153 - INFO - Processed 2300/9629 files...
2025-06-12 15:37:50,186 - INFO - Processed 2400/9629 files...
2025-06-12 15:37:50,219 - INFO - Processed 2500/9629 files...
2025-06-12 15:37:50,251 - INFO - Processed 2600/9629 files...
2025-06-12 15:37:50,285 - INFO - Processed 2700/9629 files...
2025-06-12 15:37:50,317 - INFO - Processed 2800/9629 files...
2025-06-12 15:37:50,351 - INFO - Processed 2900/9629 files...
2025-06-12 15:37:50,385 - INFO - Processed 3000/9629 files...
2025-06-12 15:37:50,419 - INFO - Processed 3100/9629 files...
2025-06-12 15:37:50,454 - INFO - Processed 3200/9629 files...
2025-06-12 15:37:50,487 - INFO - Processed 3300/9629 files...
2025-06-12 15:37:50,521 - INFO - Processed 3400/9629 files...
2025-06-12 15:37:50,554 - INFO - Processed 3500/9629 files...
2025-06-12 15:37:50,588 - INFO - Processed 3600/9629 files...
2025-06-12 15:37:50,621 - INFO - Processed 3700/9629 files...
2025-06-12 15:37:50,649 - INFO - Processed 3800/9629 files...
2025-06-12 15:37:50,687 - INFO - Processed 3900/9629 files...
2025-06-12 15:37:50,721 - INFO - Processed 4000/9629 files...
2025-06-12 15:37:50,754 - INFO - Processed 4100/9629 files...
2025-06-12 15:37:50,788 - INFO - Processed 4200/9629 files...
2025-06-12 15:37:50,821 - INFO - Processed 4300/9629 files...
2025-06-12 15:37:50,855 - INFO - Processed 4400/9629 files...
2025-06-12 15:37:50,888 - INFO - Processed 4500/9629 files...
2025-06-12 15:37:50,921 - INFO - Processed 4600/9629 files...
2025-06-12 15:37:50,955 - INFO - Processed 4700/9629 files...
2025-06-12 15:37:50,988 - INFO - Processed 4800/9629 files...
2025-06-12 15:37:51,020 - INFO - Processed 4900/9629 files...
2025-06-12 15:37:51,055 - INFO - Processed 5000/9629 files...
2025-06-12 15:37:51,089 - INFO - Processed 5100/9629 files...
2025-06-12 15:37:51,121 - INFO - Processed 5200/9629 files...
2025-06-12 15:37:51,153 - INFO - Processed 5300/9629 files...
2025-06-12 15:37:51,187 - INFO - Processed 5400/9629 files...
2025-06-12 15:37:51,221 - INFO - Processed 5500/9629 files...
2025-06-12 15:37:51,254 - INFO - Processed 5600/9629 files...
2025-06-12 15:37:51,286 - INFO - Processed 5700/9629 files...
2025-06-12 15:37:51,320 - INFO - Processed 5800/9629 files...
2025-06-12 15:37:51,352 - INFO - Processed 5900/9629 files...
2025-06-12 15:37:51,385 - INFO - Processed 6000/9629 files...
2025-06-12 15:37:51,417 - INFO - Processed 6100/9629 files...
2025-06-12 15:37:51,450 - INFO - Processed 6200/9629 files...
2025-06-12 15:37:51,482 - INFO - Processed 6300/9629 files...
2025-06-12 15:37:51,765 - INFO - Processed 6400/9629 files...
2025-06-12 15:37:51,801 - INFO - Processed 6500/9629 files...
2025-06-12 15:37:51,834 - INFO - Processed 6600/9629 files...
2025-06-12 15:37:51,866 - INFO - Processed 6700/9629 files...
2025-06-12 15:37:51,900 - INFO - Processed 6800/9629 files...
2025-06-12 15:37:51,932 - INFO - Processed 6900/9629 files...
2025-06-12 15:37:51,955 - INFO - Processed 7000/9629 files...
2025-06-12 15:37:51,989 - INFO - Processed 7100/9629 files...
2025-06-12 15:37:52,022 - INFO - Processed 7200/9629 files...
2025-06-12 15:37:52,061 - INFO - Processed 7300/9629 files...
2025-06-12 15:37:52,093 - INFO - Processed 7400/9629 files...
2025-06-12 15:37:52,123 - INFO - Processed 7500/9629 files...
2025-06-12 15:37:52,156 - INFO - Processed 7600/9629 files...
2025-06-12 15:37:52,190 - INFO - Processed 7700/9629 files...
2025-06-12 15:37:52,222 - INFO - Processed 7800/9629 files...
2025-06-12 15:37:52,257 - INFO - Processed 7900/9629 files...
2025-06-12 15:37:52,289 - INFO - Processed 8000/9629 files...
2025-06-12 15:37:52,323 - INFO - Processed 8100/9629 files...
2025-06-12 15:37:52,356 - INFO - Processed 8200/9629 files...
2025-06-12 15:37:52,390 - INFO - Processed 8300/9629 files...
2025-06-12 15:37:52,423 - INFO - Processed 8400/9629 files...
2025-06-12 15:37:52,457 - INFO - Processed 8500/9629 files...
2025-06-12 15:37:52,489 - INFO - Processed 8600/9629 files...
2025-06-12 15:37:52,523 - INFO - Processed 8700/9629 files...
2025-06-12 15:37:52,556 - INFO - Processed 8800/9629 files...
2025-06-12 15:37:52,590 - INFO - Processed 8900/9629 files...
2025-06-12 15:37:52,623 - INFO - Processed 9000/9629 files...
2025-06-12 15:37:52,657 - INFO - Processed 9100/9629 files...
2025-06-12 15:37:52,689 - INFO - Processed 9200/9629 files...
2025-06-12 15:37:52,723 - INFO - Processed 9300/9629 files...
2025-06-12 15:37:52,751 - INFO - Processed 9400/9629 files...
2025-06-12 15:37:52,789 - INFO - Processed 9500/9629 files...
2025-06-12 15:37:52,818 - INFO - Processed 9600/9629 files...
2025-06-12 15:37:52,835 - INFO - Completed processing 9629 files
2025-06-12 15:37:52,844 - INFO - Results written to: dicom_scan_categories.txt
